<?xml version="1.0" encoding="UTF-8"?>
<testng-results ignored="0" total="2" passed="2" failed="0" skipped="0">
  <reporter-output>
  </reporter-output>
  <suite started-at="2021-10-27T23:38:15 BST" name="Default suite" finished-at="2021-10-27T23:39:00 BST" duration-ms="44751">
    <groups>
      <group name="cucumber">
        <method signature="AbstractTestNGCucumberTests.runScenario(io.cucumber.testng.PickleWrapper,io.cucumber.testng.FeatureWrapper)[pri:0, instance:TestRunner.TestRunner@3d51f06e]" name="runScenario" class="io.cucumber.testng.AbstractTestNGCucumberTests"/>
      </group> <!-- cucumber -->
    </groups>
    <test started-at="2021-10-27T23:38:15 BST" name="Default test" finished-at="2021-10-27T23:39:00 BST" duration-ms="44751">
      <class name="TestRunner.TestRunner">
        <test-method is-config="true" signature="setUpClass()[pri:0, instance:TestRunner.TestRunner@3d51f06e]" started-at="2021-10-27T23:38:15 BST" name="setUpClass" finished-at="2021-10-27T23:38:15 BST" duration-ms="636" status="PASS">
          <reporter-output>
          </reporter-output>
        </test-method> <!-- setUpClass -->
        <test-method signature="runScenario(io.cucumber.testng.PickleWrapper,io.cucumber.testng.FeatureWrapper)[pri:0, instance:TestRunner.TestRunner@3d51f06e]" started-at="2021-10-27T23:38:15 BST" name="runScenario" description="Runs Cucumber Scenarios" data-provider="scenarios" finished-at="2021-10-27T23:38:45 BST" duration-ms="29186" status="PASS">
          <params>
            <param index="0">
              <value>
                <![CDATA["Validate One of Donation Amount button"]]>
              </value>
            </param>
            <param index="1">
              <value>
                <![CDATA["Optional[Feature to test Donation page of cancer research Donation]"]]>
              </value>
            </param>
          </params>
          <reporter-output>
          </reporter-output>
        </test-method> <!-- runScenario -->
        <test-method signature="runScenario(io.cucumber.testng.PickleWrapper,io.cucumber.testng.FeatureWrapper)[pri:0, instance:TestRunner.TestRunner@3d51f06e]" started-at="2021-10-27T23:38:45 BST" name="runScenario" description="Runs Cucumber Scenarios" data-provider="scenarios" finished-at="2021-10-27T23:39:00 BST" duration-ms="14834" status="PASS">
          <params>
            <param index="0">
              <value>
                <![CDATA["Validate other amount textbox"]]>
              </value>
            </param>
            <param index="1">
              <value>
                <![CDATA["Optional[Feature to test Donation page of cancer research Donation]"]]>
              </value>
            </param>
          </params>
          <reporter-output>
          </reporter-output>
        </test-method> <!-- runScenario -->
        <test-method is-config="true" signature="tearDownClass()[pri:0, instance:TestRunner.TestRunner@3d51f06e]" started-at="2021-10-27T23:39:00 BST" name="tearDownClass" finished-at="2021-10-27T23:39:00 BST" duration-ms="46" status="PASS">
          <reporter-output>
          </reporter-output>
        </test-method> <!-- tearDownClass -->
      </class> <!-- TestRunner.TestRunner -->
    </test> <!-- Default test -->
  </suite> <!-- Default suite -->
</testng-results>
